<?xml version="1.0" encoding="UTF-8"?>
<!-- Generated by org.testng.reporters.JUnitReportReporter -->
<testsuite hostname="Nani" failures="0" tests="1" name="testCases.TC001_AccountsRegistration" time="3.831" errors="0" timestamp="2024-10-17T11:51:26 IST" skipped="0">
  <testcase classname="testCases.TC001_AccountsRegistration" name="accounts_registration" time="3.831"/>
</testsuite> <!-- testCases.TC001_AccountsRegistration -->
