<?xml version="1.0" encoding="UTF-8"?>
<!-- Generated by org.testng.reporters.JUnitReportReporter -->
<testsuite hostname="Nani" failures="0" tests="1" name="testCases.TC002_LoginTest" time="2.091" errors="0" timestamp="2024-10-17T11:05:57 IST" skipped="0">
  <testcase classname="testCases.TC002_LoginTest" name="verify_login" time="2.091"/>
</testsuite> <!-- testCases.TC002_LoginTest -->
